DEBUG 2019-11-07 14:36:14.471 UTC: 	 Running on: Linux lxplus620.cern.ch 2.6.32-754.23.1.el6.x86_64 #1 SMP Thu Sep 26 11:57:28 CEST 2019 x86_64 x86_64 x86_64 GNU/Linux
Description:	Scientific Linux CERN SLC release 6.10 (Carbon)

DEBUG 2019-11-07 14:36:14.472 UTC: 	 Executing command: 'submit'
DEBUG 2019-11-07 14:36:14.472 UTC: 	 Found CRAB cache file /afs/cern.ch/user/r/ragomesd/.crab3
DEBUG 2019-11-07 14:36:14.481 UTC: 	 Checking credentials
DEBUG 2019-11-07 14:36:14.481 UTC: 	 Found proxy file /tmp/x509up_u112971
DEBUG 2019-11-07 14:36:14.481 UTC: 	 Getting proxy life time left
DEBUG 2019-11-07 14:36:15.492 UTC: 	 Executing : 
 command : voms-proxy-info -file /tmp/x509up_u112971 -timeleft
 output : 38763

 error: 
 retcode : 0
DEBUG 2019-11-07 14:36:16.506 UTC: 	 Executing : 
 command : voms-proxy-info -file /tmp/x509up_u112971 -actimeleft
 output : 38761

 error: 
 retcode : 0
DEBUG 2019-11-07 14:36:16.506 UTC: 	 Proxy lifetime 38763 secs is different from voms extension lifetime 38761 secs for proxy: /tmp/x509up_u112971
DEBUG 2019-11-07 14:36:16.506 UTC: 	 Proxy valid for 10:46:01 hours
INFO 2019-11-07 14:36:16.506 UTC: 	 Will use CRAB configuration file crab_Dstar_MC.py
DEBUG 2019-11-07 14:36:16.507 UTC: 	 Loading CRAB configuration file.
DEBUG 2019-11-07 14:36:16.512 UTC: 	 Will use CRAB Analysis plugin (i.e. will run an analysis job type).
DEBUG 2019-11-07 14:36:16.633 UTC: 	 Executing : 
 command : openssl x509 -in ~/.globus/usercert.pem -subject -noout
 output : subject= /DC=ch/DC=cern/OU=Organic Units/OU=Users/CN=ragomesd/CN=829123/CN=Raphael Gomes De Souza

 error: 
 retcode : 0
DEBUG 2019-11-07 14:36:16.633 UTC: 	 Checking credentials
DEBUG 2019-11-07 14:36:16.634 UTC: 	 Found proxy file /tmp/x509up_u112971
DEBUG 2019-11-07 14:36:16.634 UTC: 	 Getting proxy life time left
DEBUG 2019-11-07 14:36:17.842 UTC: 	 Executing : 
 command : voms-proxy-info -file /tmp/x509up_u112971 -timeleft
 output : 38761

 error: 
 retcode : 0
DEBUG 2019-11-07 14:36:18.749 UTC: 	 Executing : 
 command : voms-proxy-info -file /tmp/x509up_u112971 -actimeleft
 output : 38759

 error: 
 retcode : 0
DEBUG 2019-11-07 14:36:18.750 UTC: 	 Proxy lifetime 38761 secs is different from voms extension lifetime 38759 secs for proxy: /tmp/x509up_u112971
DEBUG 2019-11-07 14:36:18.750 UTC: 	 Proxy valid for 10:45:59 hours
DEBUG 2019-11-07 14:36:19.759 UTC: 	 Executing : 
 command : env X509_USER_PROXY=/tmp/x509up_u112971 voms-proxy-info -fqan
 output : /cms/Role=NULL/Capability=NULL

 error: 
 retcode : 0
DEBUG 2019-11-07 14:36:19.874 UTC: 	 Registering user credentials for server /DC=ch/DC=cern/OU=computers/CN=vocms(052|058|030|0118|0105|0109).cern.ch|/DC=ch/DC=cern/OU=computers/CN=crab-(preprod|prod)-tw(02|01).cern.ch
DEBUG 2019-11-07 14:36:19.987 UTC: 	 Executing : 
 command : openssl x509 -in ~/.globus/usercert.pem -subject -noout
 output : subject= /DC=ch/DC=cern/OU=Organic Units/OU=Users/CN=ragomesd/CN=829123/CN=Raphael Gomes De Souza

 error: 
 retcode : 0
DEBUG 2019-11-07 14:36:19.987 UTC: 	 Getting myproxy life time left for myproxy.cern.ch
DEBUG 2019-11-07 14:36:19.987 UTC: 	 Calculating hash of /DC=ch/DC=cern/OU=Organic Units/OU=Users/CN=ragomesd/CN=829123/CN=Raphael Gomes De Souza_cmsweb.cern.ch for credential name
DEBUG 2019-11-07 14:36:20.192 UTC: 	 Executing : 
 command : myproxy-info -l e6f36235a4c9dd8c188047c7ea60cbfd99ff316e -s myproxy.cern.ch
 output : username: e6f36235a4c9dd8c188047c7ea60cbfd99ff316e
owner: /DC=ch/DC=cern/OU=Organic Units/OU=Users/CN=ragomesd/CN=829123/CN=Raphael Gomes De Souza
  renewal policy: /DC=ch/DC=cern/OU=computers/CN=vocms(052|058|030|0118|0105|0109).cern.ch|/DC=ch/DC=cern/OU=computers/CN=crab-(preprod|prod)-tw(02|01).cern.ch
  trusted retrieval policy: /DC=ch/DC=cern/OU=computers/CN=vocms(052|058|030|0118|0105|0109).cern.ch|/DC=ch/DC=cern/OU=computers/CN=crab-(preprod|prod)-tw(02|01).cern.ch
  timeleft: 372:54:39  (15.5 days)

 error: 
 retcode : 0
DEBUG 2019-11-07 14:36:20.193 UTC: 	 Myproxy is valid: 1342479
DEBUG 2019-11-07 14:36:20.193 UTC: 	 Command use: submit
DEBUG 2019-11-07 14:36:20.193 UTC: 	 Options use: ['-c', 'crab_Dstar_MC.py']
DEBUG 2019-11-07 14:36:20.264 UTC: 	 CRABClient version: 3.3.1910.patch2
DEBUG 2019-11-07 14:36:20.264 UTC: 	 Instance is prod
DEBUG 2019-11-07 14:36:20.264 UTC: 	 Server base url is cmsweb.cern.ch
DEBUG 2019-11-07 14:36:20.264 UTC: 	 Command url /crabserver/prod/workflow
DEBUG 2019-11-07 14:36:20.264 UTC: 	 Started submission
DEBUG 2019-11-07 14:36:20.264 UTC: 	 Working on /afs/cern.ch/work/r/ragomesd/B_parking/CMSSW_10_2_7/src/BanalysisMiniAOD-1/BAnalyzer/python/crab_projects/crab_Ds_MC_Run2018A
DEBUG 2019-11-07 14:36:20.367 UTC: 	 Loading required information from the environment
DEBUG 2019-11-07 14:36:20.367 UTC: 	 Found CMSSW_10_2_7 for slc6_amd64_gcc700 with base /afs/cern.ch/work/r/ragomesd/B_parking/CMSSW_10_2_7
DEBUG 2019-11-07 14:36:20.367 UTC: 	 Loading required information from the environment
DEBUG 2019-11-07 14:36:20.367 UTC: 	 Found CMSSW_10_2_7 for slc6_amd64_gcc700 with base /afs/cern.ch/work/r/ragomesd/B_parking/CMSSW_10_2_7
DEBUG 2019-11-07 14:36:20.387 UTC: 	 UNIQUE NAME: tarUUID 27658bd2-2838-4a8f-bd45-ff33b0896479 
DEBUG 2019-11-07 14:36:20.390 UTC: 	 self.config: from WMCore.Configuration import Configuration
config = Configuration()
config.section_('General')
config.General.transferLogs = False
config.General.transferOutputs = True
config.General.workArea = 'crab_projects'
config.General.requestName = 'Ds_MC_Run2018A'
config.section_('JobType')
config.JobType.psetName = '/afs/cern.ch/work/r/ragomesd/B_parking/CMSSW_10_2_7/src/BanalysisMiniAOD-1/BAnalyzer/python/dstard0_cfg_MC.py'
config.JobType.pluginName = 'Analysis'
config.section_('Data')
config.Data.inputDataset = '/MinBias_TuneCP5_13TeV-pythia8/RunIIAutumn18MiniAOD-PUPoissonAve20_BParking_102X_upgrade2018_realistic_v15-v2/MINIAODSIM'
config.Data.outputDatasetTag = 'Ds_MC_13TeV-pythia8'
config.Data.publication = False
config.Data.unitsPerJob = 10
config.Data.inputDBS = 'global'
config.Data.splitting = 'FileBased'
config.Data.outLFNDirBase = '/store/user/ragomesd'
config.section_('Site')
config.Site.storageSite = 'T2_US_Nebraska'
config.section_('User')
config.section_('Debug')

DEBUG 2019-11-07 14:36:20.390 UTC: 	 self.config.JobType.psetName: /afs/cern.ch/work/r/ragomesd/B_parking/CMSSW_10_2_7/src/BanalysisMiniAOD-1/BAnalyzer/python/dstard0_cfg_MC.py
INFO 2019-11-07 14:36:20.390 UTC: 	 Importing CMSSW configuration /afs/cern.ch/work/r/ragomesd/B_parking/CMSSW_10_2_7/src/BanalysisMiniAOD-1/BAnalyzer/python/dstard0_cfg_MC.py
INFO 2019-11-07 14:36:26.671 UTC: 	 Finished importing CMSSW configuration /afs/cern.ch/work/r/ragomesd/B_parking/CMSSW_10_2_7/src/BanalysisMiniAOD-1/BAnalyzer/python/dstard0_cfg_MC.py
DEBUG 2019-11-07 14:36:26.671 UTC: 	 Writing CMSSW configuration to /afs/cern.ch/work/r/ragomesd/B_parking/CMSSW_10_2_7/src/BanalysisMiniAOD-1/BAnalyzer/python/crab_projects/crab_Ds_MC_Run2018A/inputs/PSet.py
DEBUG 2019-11-07 14:36:29.433 UTC: 	 The following EDM output files will be collected: []
DEBUG 2019-11-07 14:36:29.433 UTC: 	 The following TFile output files will be collected: ['D0DstarMC.root']
DEBUG 2019-11-07 14:36:29.433 UTC: 	 The following user output files (not listed as PoolOuputModule or TFileService in the CMSSW PSet) will be collected: 
DEBUG 2019-11-07 14:36:29.433 UTC: 	 Loading required information from the environment
DEBUG 2019-11-07 14:36:29.433 UTC: 	 Found CMSSW_10_2_7 for slc6_amd64_gcc700 with base /afs/cern.ch/work/r/ragomesd/B_parking/CMSSW_10_2_7
DEBUG 2019-11-07 14:36:29.433 UTC: 	 Making tarball in /afs/cern.ch/work/r/ragomesd/B_parking/CMSSW_10_2_7/src/BanalysisMiniAOD-1/BAnalyzer/python/crab_projects/crab_Ds_MC_Run2018A/inputs/27658bd2-2838-4a8f-bd45-ff33b0896479default.tgz
DEBUG 2019-11-07 14:36:29.434 UTC: 	 Checking directory /afs/cern.ch/work/r/ragomesd/B_parking/CMSSW_10_2_7/lib
DEBUG 2019-11-07 14:36:29.434 UTC: 	 Adding directory /afs/cern.ch/work/r/ragomesd/B_parking/CMSSW_10_2_7/lib to tarball
DEBUG 2019-11-07 14:36:29.476 UTC: 	 Checking directory /afs/cern.ch/work/r/ragomesd/B_parking/CMSSW_10_2_7/biglib
DEBUG 2019-11-07 14:36:29.476 UTC: 	 Adding directory /afs/cern.ch/work/r/ragomesd/B_parking/CMSSW_10_2_7/biglib to tarball
DEBUG 2019-11-07 14:36:29.478 UTC: 	 Checking directory /afs/cern.ch/work/r/ragomesd/B_parking/CMSSW_10_2_7/module
DEBUG 2019-11-07 14:36:30.573 UTC: 	 Uploading archive /afs/cern.ch/work/r/ragomesd/B_parking/CMSSW_10_2_7/src/BanalysisMiniAOD-1/BAnalyzer/python/crab_projects/crab_Ds_MC_Run2018A/inputs/27658bd2-2838-4a8f-bd45-ff33b0896479default.tgz (0.914062.1 MB) to the CRAB cache. Using URI https://cmsweb.cern.ch/crabcache
DEBUG 2019-11-07 14:36:31.740 UTC: 	 Loading required information from the environment
DEBUG 2019-11-07 14:36:31.740 UTC: 	 Found CMSSW_10_2_7 for slc6_amd64_gcc700 with base /afs/cern.ch/work/r/ragomesd/B_parking/CMSSW_10_2_7
DEBUG 2019-11-07 14:36:31.740 UTC: 	 Making tarball in /afs/cern.ch/work/r/ragomesd/B_parking/CMSSW_10_2_7/src/BanalysisMiniAOD-1/BAnalyzer/python/crab_projects/crab_Ds_MC_Run2018A/inputs/debugFiles.tgz
DEBUG 2019-11-07 14:36:31.780 UTC: 	 Uploading archive /afs/cern.ch/work/r/ragomesd/B_parking/CMSSW_10_2_7/src/BanalysisMiniAOD-1/BAnalyzer/python/crab_projects/crab_Ds_MC_Run2018A/inputs/debugFiles.tgz (1 KB) to the CRAB cache. Using URI https://cmsweb.cern.ch/crabcache
DEBUG 2019-11-07 14:36:31.846 UTC: 	 Result uploading input files: 74aa52306510711342e53930f374305e0f6186b40a81f2cdf177e0192436fcea.tar.gz 
INFO 2019-11-07 14:36:31.846 UTC: 	 Sending the request to the server at cmsweb.cern.ch
DEBUG 2019-11-07 14:36:31.846 UTC: 	 Submitting {'maxjobruntime': 1250, 'extrajdl': [], 'ignorelocality': 0, 'savelogsflag': 0, 'useparent': 0, 'asyncdest': 'T2_US_Nebraska', 'algoargs': 10, 'cachefilename': '74aa52306510711342e53930f374305e0f6186b40a81f2cdf177e0192436fcea.tar.gz', 'numcores': 1, 'addoutputfiles': [], 'generator': 'pythia', 'maxmemory': 2000, 'publishdbsurl': 'https://cmsweb.cern.ch/dbs/prod/phys03/DBSWriter', 'priority': 10, 'jobsw': 'CMSSW_10_2_7', 'edmoutfiles': [], 'userfiles': [], 'primarydataset': '', 'inputdata': '/MinBias_TuneCP5_13TeV-pythia8/RunIIAutumn18MiniAOD-PUPoissonAve20_BParking_102X_upgrade2018_realistic_v15-v2/MINIAODSIM', 'lfn': '/store/user/ragomesd', 'dryrun': 0, 'workflow': 'crab_Ds_MC_Run2018A', 'cacheurl': u'https://cmsweb.cern.ch/crabcache', 'nonprodsw': 0, 'tfileoutfiles': ['D0DstarMC.root'], 'oneEventMode': 0, 'debugfilename': 'b47931d21d3607388f604a708bdcb9fd0831ea346d8b6a4eb7a37f2fff25897c.tar.gz', 'saveoutput': 1, 'publication': 0, 'jobarch': 'slc6_amd64_gcc700', 'totalunits': 0, 'splitalgo': 'FileBased', 'ignoreglobalblacklist': 0, 'nonvaliddata': 0, 'dbsurl': 'https://cmsweb.cern.ch/dbs/prod/global/DBSReader', 'publishgroupname': 0, 'jobtype': 'Analysis', 'publishname2': 'Ds_MC_13TeV-pythia8'} 
DEBUG 2019-11-07 14:36:31.847 UTC: 	 Encoded submit request: maxjobruntime=1250&ignorelocality=0&savelogsflag=0&useparent=0&asyncdest=T2_US_Nebraska&algoargs=10&cachefilename=74aa52306510711342e53930f374305e0f6186b40a81f2cdf177e0192436fcea.tar.gz&numcores=1&generator=pythia&maxmemory=2000&publishdbsurl=https%3A%2F%2Fcmsweb.cern.ch%2Fdbs%2Fprod%2Fphys03%2FDBSWriter&priority=10&jobsw=CMSSW_10_2_7&primarydataset=&inputdata=%2FMinBias_TuneCP5_13TeV-pythia8%2FRunIIAutumn18MiniAOD-PUPoissonAve20_BParking_102X_upgrade2018_realistic_v15-v2%2FMINIAODSIM&lfn=%2Fstore%2Fuser%2Fragomesd&dryrun=0&workflow=crab_Ds_MC_Run2018A&cacheurl=https%3A%2F%2Fcmsweb.cern.ch%2Fcrabcache&nonprodsw=0&oneEventMode=0&debugfilename=b47931d21d3607388f604a708bdcb9fd0831ea346d8b6a4eb7a37f2fff25897c.tar.gz&saveoutput=1&publication=0&jobarch=slc6_amd64_gcc700&totalunits=0&splitalgo=FileBased&ignoreglobalblacklist=0&nonvaliddata=0&dbsurl=https%3A%2F%2Fcmsweb.cern.ch%2Fdbs%2Fprod%2Fglobal%2FDBSReader&publishgroupname=0&jobtype=Analysis&publishname2=Ds_MC_13TeV-pythia8&tfileoutfiles=D0DstarMC.root
DEBUG 2019-11-07 14:36:32.087 UTC: 	 Result: {u'result': [{u'RequestName': u'191107_143631:ragomesd_crab_Ds_MC_Run2018A'}]}
INFO 2019-11-07 14:36:32.089 UTC: 	 Success: Your task has been delivered to the prod CRAB3 server.
INFO 2019-11-07 14:36:32.090 UTC: 	 Task name: 191107_143631:ragomesd_crab_Ds_MC_Run2018A
INFO 2019-11-07 14:36:32.090 UTC: 	 Project dir: crab_projects/crab_Ds_MC_Run2018A
INFO 2019-11-07 14:36:32.090 UTC: 	 Please use 'crab status -d crab_projects/crab_Ds_MC_Run2018A' to check how the submission process proceeds.
DEBUG 2019-11-07 14:36:32.090 UTC: 	 About to return
INFO 2019-11-07 14:36:32.092 UTC: 	 Log file is /afs/cern.ch/work/r/ragomesd/B_parking/CMSSW_10_2_7/src/BanalysisMiniAOD-1/BAnalyzer/python/crab_projects/crab_Ds_MC_Run2018A/crab.log
DEBUG 2019-11-07 14:36:46.287 UTC: 	 Running on: Linux lxplus620.cern.ch 2.6.32-754.23.1.el6.x86_64 #1 SMP Thu Sep 26 11:57:28 CEST 2019 x86_64 x86_64 x86_64 GNU/Linux
Description:	Scientific Linux CERN SLC release 6.10 (Carbon)

DEBUG 2019-11-07 14:36:46.287 UTC: 	 Executing command: 'status'
DEBUG 2019-11-07 14:36:46.288 UTC: 	 Found CRAB cache file /afs/cern.ch/user/r/ragomesd/.crab3
DEBUG 2019-11-07 14:36:46.298 UTC: 	 Checking credentials
DEBUG 2019-11-07 14:36:46.299 UTC: 	 Found proxy file /tmp/x509up_u112971
DEBUG 2019-11-07 14:36:46.299 UTC: 	 Getting proxy life time left
DEBUG 2019-11-07 14:36:47.306 UTC: 	 Executing : 
 command : voms-proxy-info -file /tmp/x509up_u112971 -timeleft
 output : 38731

 error: 
 retcode : 0
DEBUG 2019-11-07 14:36:48.413 UTC: 	 Executing : 
 command : voms-proxy-info -file /tmp/x509up_u112971 -actimeleft
 output : 38729

 error: 
 retcode : 0
DEBUG 2019-11-07 14:36:48.414 UTC: 	 Proxy lifetime 38731 secs is different from voms extension lifetime 38729 secs for proxy: /tmp/x509up_u112971
DEBUG 2019-11-07 14:36:48.414 UTC: 	 Proxy valid for 10:45:29 hours
DEBUG 2019-11-07 14:36:48.528 UTC: 	 Executing : 
 command : openssl x509 -in ~/.globus/usercert.pem -subject -noout
 output : subject= /DC=ch/DC=cern/OU=Organic Units/OU=Users/CN=ragomesd/CN=829123/CN=Raphael Gomes De Souza

 error: 
 retcode : 0
DEBUG 2019-11-07 14:36:48.529 UTC: 	 Checking credentials
DEBUG 2019-11-07 14:36:48.531 UTC: 	 Found proxy file /tmp/x509up_u112971
DEBUG 2019-11-07 14:36:48.531 UTC: 	 Getting proxy life time left
DEBUG 2019-11-07 14:36:49.437 UTC: 	 Executing : 
 command : voms-proxy-info -file /tmp/x509up_u112971 -timeleft
 output : 38729

 error: 
 retcode : 0
DEBUG 2019-11-07 14:36:50.242 UTC: 	 Executing : 
 command : voms-proxy-info -file /tmp/x509up_u112971 -actimeleft
 output : 38727

 error: 
 retcode : 0
DEBUG 2019-11-07 14:36:50.243 UTC: 	 Proxy lifetime 38729 secs is different from voms extension lifetime 38727 secs for proxy: /tmp/x509up_u112971
DEBUG 2019-11-07 14:36:50.243 UTC: 	 Proxy valid for 10:45:27 hours
DEBUG 2019-11-07 14:36:50.358 UTC: 	 Registering user credentials for server /DC=ch/DC=cern/OU=computers/CN=vocms(052|058|030|0118|0105|0109).cern.ch|/DC=ch/DC=cern/OU=computers/CN=crab-(preprod|prod)-tw(02|01).cern.ch
DEBUG 2019-11-07 14:36:50.467 UTC: 	 Executing : 
 command : openssl x509 -in ~/.globus/usercert.pem -subject -noout
 output : subject= /DC=ch/DC=cern/OU=Organic Units/OU=Users/CN=ragomesd/CN=829123/CN=Raphael Gomes De Souza

 error: 
 retcode : 0
DEBUG 2019-11-07 14:36:50.468 UTC: 	 Getting myproxy life time left for myproxy.cern.ch
DEBUG 2019-11-07 14:36:50.468 UTC: 	 Calculating hash of /DC=ch/DC=cern/OU=Organic Units/OU=Users/CN=ragomesd/CN=829123/CN=Raphael Gomes De Souza_cmsweb.cern.ch for credential name
DEBUG 2019-11-07 14:36:50.672 UTC: 	 Executing : 
 command : myproxy-info -l e6f36235a4c9dd8c188047c7ea60cbfd99ff316e -s myproxy.cern.ch
 output : username: e6f36235a4c9dd8c188047c7ea60cbfd99ff316e
owner: /DC=ch/DC=cern/OU=Organic Units/OU=Users/CN=ragomesd/CN=829123/CN=Raphael Gomes De Souza
  renewal policy: /DC=ch/DC=cern/OU=computers/CN=vocms(052|058|030|0118|0105|0109).cern.ch|/DC=ch/DC=cern/OU=computers/CN=crab-(preprod|prod)-tw(02|01).cern.ch
  trusted retrieval policy: /DC=ch/DC=cern/OU=computers/CN=vocms(052|058|030|0118|0105|0109).cern.ch|/DC=ch/DC=cern/OU=computers/CN=crab-(preprod|prod)-tw(02|01).cern.ch
  timeleft: 372:54:09  (15.5 days)

 error: 
 retcode : 0
DEBUG 2019-11-07 14:36:50.673 UTC: 	 Myproxy is valid: 1342449
DEBUG 2019-11-07 14:36:50.674 UTC: 	 Command use: status
DEBUG 2019-11-07 14:36:50.674 UTC: 	 Options use: ['-d', 'crab_projects/crab_Ds_MC_Run2018A']
DEBUG 2019-11-07 14:36:50.748 UTC: 	 CRABClient version: 3.3.1910.patch2
DEBUG 2019-11-07 14:36:50.748 UTC: 	 Instance is prod
DEBUG 2019-11-07 14:36:50.748 UTC: 	 Server base url is cmsweb.cern.ch
DEBUG 2019-11-07 14:36:50.748 UTC: 	 Command url /crabserver/prod/workflow
DEBUG 2019-11-07 14:36:50.836 UTC: 	 Got information from server oracle database: {u'result': [u'191107_143631:ragomesd_crab_Ds_MC_Run2018A', u'None', u'None', u'NEW', u'SUBMIT', u'2019-11-07 14:36:32.080236', u'None', u'None', u'None', u'CMSSW_10_2_7', u'slc6_amd64_gcc700', u'/MinBias_TuneCP5_13TeV-pythia8/RunIIAutumn18MiniAOD-PUPoissonAve20_BParking_102X_upgrade2018_realistic_v15-v2/MINIAODSIM', u'F', u'0', u'[]', u'[]', u'FileBased', u"{'splitOnRun': False, 'halt_job_on_file_boundaries': False, 'files_per_job': 10, 'runs': [], 'lumis': []}", u'74aa52306510711342e53930f374305e0f6186b40a81f2cdf177e0192436fcea.tar.gz', u'https://cmsweb.cern.ch/crabcache', u'ragomesd', u'/DC=ch/DC=cern/OU=Organic Units/OU=Users/CN=ragomesd/CN=829123/CN=Raphael Gomes De Souza', u'cms', u'None', u'None', u'Ds_MC_13TeV-pythia8-00000000000000000000000000000000', u'F', u'T2_US_Nebraska', u'https://cmsweb.cern.ch/dbs/prod/global/DBSReader', u'https://cmsweb.cern.ch/dbs/prod/phys03/DBSWriter', u'F', u'[]', u"['D0DstarMC.root']", u'[]', u'Analysis', u'pythia', u'None', u'{}', u'[]', u'F', u'None', u'[]', u'1250', u'1', u'2000', u'10', u'None', u'[]', u'None', u'None', u'[]', u'[]', u'https://cmsweb.cern.ch/crabserver/prod', u'cmsgwms-collector-global.cern.ch:9620,cmssrv623.fnal.gov:9620', u'None', u'F', u'[]', u'T', u'/store/user/ragomesd', u'F', u'None', u'F', u'None', u'MinBias_TuneCP5_13TeV-pythia8', u'None', u'b47931d21d3607388f604a708bdcb9fd0831ea346d8b6a4eb7a37f2fff25897c.tar.gz', u'None', u'filetransfers', u'F', u'188.184.31.193', u'0.0', u'None'], u'desc': {u'columns': [u'tm_taskname', u'tm_activity', u'panda_jobset_id', u'tm_task_status', u'tm_task_command', u'tm_start_time', u'tm_start_injection', u'tm_end_injection', u'tm_task_failure', u'tm_job_sw', u'tm_job_arch', u'tm_input_dataset', u'tm_nonvalid_input_dataset', u'tm_use_parent', u'tm_site_whitelist', u'tm_site_blacklist', u'tm_split_algo', u'tm_split_args', u'tm_user_sandbox', u'tm_cache_url', u'tm_username', u'tm_user_dn', u'tm_user_vo', u'tm_user_role', u'tm_user_group', u'tm_publish_name', u'tm_publish_groupname', u'tm_asyncdest', u'tm_dbs_url', u'tm_publish_dbs_url', u'tm_publication', u'tm_outfiles', u'tm_tfile_outfiles', u'tm_edm_outfiles', u'tm_job_type', u'tm_generator', u'tm_events_per_lumi', u'tm_arguments', u'panda_resubmitted_jobs', u'tm_save_logs', u'tw_name', u'tm_user_infiles', u'tm_maxjobruntime', u'tm_numcores', u'tm_maxmemory', u'tm_priority', u'tm_output_dataset', u'tm_task_warnings', u'tm_user_webdir', u'tm_scriptexe', u'tm_scriptargs', u'tm_extrajdl', u'tm_asourl', u'tm_collector', u'tm_schedd', u'tm_dry_run', u'tm_user_files', u'tm_transfer_outputs', u'tm_output_lfn', u'tm_ignore_locality', u'tm_fail_limit', u'tm_one_event_mode', u'tm_secondary_input_dataset', u'tm_primary_dataset', u'tm_last_publication', u'tm_debug_files', u'clusterid', u'tm_asodb', u'tm_ignore_global_blacklist', u'tm_submitter_ip_addr', u'tm_totalunits', u'tm_ddm_reqid']}}
INFO 2019-11-07 14:36:50.837 UTC: 	 CRAB project directory:		/afs/cern.ch/work/r/ragomesd/B_parking/CMSSW_10_2_7/src/BanalysisMiniAOD-1/BAnalyzer/python/crab_projects/crab_Ds_MC_Run2018A
INFO 2019-11-07 14:36:50.837 UTC: 	 Task name:			191107_143631:ragomesd_crab_Ds_MC_Run2018A
INFO 2019-11-07 14:36:50.837 UTC: 	 Grid scheduler - Task Worker:	N/A yet - N/A yet
INFO 2019-11-07 14:36:50.837 UTC: 	 Status on the CRAB server:	NEW on command SUBMIT
INFO 2019-11-07 14:36:50.837 UTC: 	 Task URL to use for HELP:	https://cmsweb.cern.ch/crabserver/ui/task/191107_143631%3Aragomesd_crab_Ds_MC_Run2018A
INFO 2019-11-07 14:36:50.837 UTC: 	 Dashboard monitoring URL:	https://monit-grafana.cern.ch/d/cmsTMDetail/cms-task-monitoring-task-view?orgId=11&var-user=ragomesd&var-task=191107_143631%3Aragomesd_crab_Ds_MC_Run2018A
INFO 2019-11-07 14:36:50.838 UTC: 	 In case of issues with the dashboard, please provide feedback to hn-cms-computing-tools@cern.ch
DEBUG 2019-11-07 14:36:50.838 UTC: 	 The task has not been submitted to the Grid scheduler yet. Not printing job information.
INFO 2019-11-07 14:36:50.847 UTC: 	 Log file is /afs/cern.ch/work/r/ragomesd/B_parking/CMSSW_10_2_7/src/BanalysisMiniAOD-1/BAnalyzer/python/crab_projects/crab_Ds_MC_Run2018A/crab.log
DEBUG 2019-11-07 14:42:59.459 UTC: 	 Running on: Linux lxplus620.cern.ch 2.6.32-754.23.1.el6.x86_64 #1 SMP Thu Sep 26 11:57:28 CEST 2019 x86_64 x86_64 x86_64 GNU/Linux
Description:	Scientific Linux CERN SLC release 6.10 (Carbon)

DEBUG 2019-11-07 14:42:59.460 UTC: 	 Executing command: 'status'
DEBUG 2019-11-07 14:42:59.460 UTC: 	 Found CRAB cache file /afs/cern.ch/user/r/ragomesd/.crab3
DEBUG 2019-11-07 14:42:59.469 UTC: 	 Checking credentials
DEBUG 2019-11-07 14:42:59.471 UTC: 	 Found proxy file /tmp/x509up_u112971
DEBUG 2019-11-07 14:42:59.471 UTC: 	 Getting proxy life time left
DEBUG 2019-11-07 14:43:00.578 UTC: 	 Executing : 
 command : voms-proxy-info -file /tmp/x509up_u112971 -timeleft
 output : 38358

 error: 
 retcode : 0
DEBUG 2019-11-07 14:43:01.388 UTC: 	 Executing : 
 command : voms-proxy-info -file /tmp/x509up_u112971 -actimeleft
 output : 38356

 error: 
 retcode : 0
DEBUG 2019-11-07 14:43:01.388 UTC: 	 Proxy lifetime 38358 secs is different from voms extension lifetime 38356 secs for proxy: /tmp/x509up_u112971
DEBUG 2019-11-07 14:43:01.388 UTC: 	 Proxy valid for 10:39:16 hours
DEBUG 2019-11-07 14:43:01.507 UTC: 	 Executing : 
 command : openssl x509 -in ~/.globus/usercert.pem -subject -noout
 output : subject= /DC=ch/DC=cern/OU=Organic Units/OU=Users/CN=ragomesd/CN=829123/CN=Raphael Gomes De Souza

 error: 
 retcode : 0
DEBUG 2019-11-07 14:43:01.507 UTC: 	 Checking credentials
DEBUG 2019-11-07 14:43:01.507 UTC: 	 Found proxy file /tmp/x509up_u112971
DEBUG 2019-11-07 14:43:01.507 UTC: 	 Getting proxy life time left
DEBUG 2019-11-07 14:43:02.314 UTC: 	 Executing : 
 command : voms-proxy-info -file /tmp/x509up_u112971 -timeleft
 output : 38356

 error: 
 retcode : 0
DEBUG 2019-11-07 14:43:03.120 UTC: 	 Executing : 
 command : voms-proxy-info -file /tmp/x509up_u112971 -actimeleft
 output : 38354

 error: 
 retcode : 0
DEBUG 2019-11-07 14:43:03.120 UTC: 	 Proxy lifetime 38356 secs is different from voms extension lifetime 38354 secs for proxy: /tmp/x509up_u112971
DEBUG 2019-11-07 14:43:03.121 UTC: 	 Proxy valid for 10:39:14 hours
DEBUG 2019-11-07 14:43:03.203 UTC: 	 Registering user credentials for server /DC=ch/DC=cern/OU=computers/CN=vocms(052|058|030|0118|0105|0109).cern.ch|/DC=ch/DC=cern/OU=computers/CN=crab-(preprod|prod)-tw(02|01).cern.ch
DEBUG 2019-11-07 14:43:03.317 UTC: 	 Executing : 
 command : openssl x509 -in ~/.globus/usercert.pem -subject -noout
 output : subject= /DC=ch/DC=cern/OU=Organic Units/OU=Users/CN=ragomesd/CN=829123/CN=Raphael Gomes De Souza

 error: 
 retcode : 0
DEBUG 2019-11-07 14:43:03.317 UTC: 	 Getting myproxy life time left for myproxy.cern.ch
DEBUG 2019-11-07 14:43:03.317 UTC: 	 Calculating hash of /DC=ch/DC=cern/OU=Organic Units/OU=Users/CN=ragomesd/CN=829123/CN=Raphael Gomes De Souza_cmsweb.cern.ch for credential name
DEBUG 2019-11-07 14:43:03.521 UTC: 	 Executing : 
 command : myproxy-info -l e6f36235a4c9dd8c188047c7ea60cbfd99ff316e -s myproxy.cern.ch
 output : username: e6f36235a4c9dd8c188047c7ea60cbfd99ff316e
owner: /DC=ch/DC=cern/OU=Organic Units/OU=Users/CN=ragomesd/CN=829123/CN=Raphael Gomes De Souza
  renewal policy: /DC=ch/DC=cern/OU=computers/CN=vocms(052|058|030|0118|0105|0109).cern.ch|/DC=ch/DC=cern/OU=computers/CN=crab-(preprod|prod)-tw(02|01).cern.ch
  trusted retrieval policy: /DC=ch/DC=cern/OU=computers/CN=vocms(052|058|030|0118|0105|0109).cern.ch|/DC=ch/DC=cern/OU=computers/CN=crab-(preprod|prod)-tw(02|01).cern.ch
  timeleft: 372:47:56  (15.5 days)

 error: 
 retcode : 0
DEBUG 2019-11-07 14:43:03.523 UTC: 	 Myproxy is valid: 1342076
DEBUG 2019-11-07 14:43:03.523 UTC: 	 Command use: status
DEBUG 2019-11-07 14:43:03.524 UTC: 	 Options use: ['-d', 'crab_projects/crab_Ds_MC_Run2018A']
DEBUG 2019-11-07 14:43:03.619 UTC: 	 CRABClient version: 3.3.1910.patch2
DEBUG 2019-11-07 14:43:03.619 UTC: 	 Instance is prod
DEBUG 2019-11-07 14:43:03.619 UTC: 	 Server base url is cmsweb.cern.ch
DEBUG 2019-11-07 14:43:03.619 UTC: 	 Command url /crabserver/prod/workflow
DEBUG 2019-11-07 14:43:03.716 UTC: 	 Got information from server oracle database: {u'result': [u'191107_143631:ragomesd_crab_Ds_MC_Run2018A', u'None', u'None', u'SUBMITFAILED', u'SUBMIT', u'2019-11-07 14:36:32.080236', u'None', u'2019-11-07 14:38:52.276581', u'Problem handling 191107_143631:ragomesd_crab_Ds_MC_Run2018A because of Could not find any schedd to submit to. Exception was raised: All possible CRAB schedd\'s are saturated. Try later\n failure, traceback follows\nTraceback (most recent call last):\n  File "/data/srv/TaskManager/3.3.1911.rc3.patch1/slc7_amd64_gcc630/cms/crabtaskworker/3.3.1911.rc3.patch1/lib/python2.7/site-packages/TaskWorker/Actions/Handler.py", line 77, in executeAction\n    output = work.execute(nextinput, task=self._task, tempDir=self.tempDir)\n  File "/data/srv/TaskManager/3.3.1911.rc3.patch1/slc7_amd64_gcc630/cms/crabtaskworker/3.3.1911.rc3.patch1/lib/python2.7/site-packages/TaskWorker/Actions/DagmanSubmitter.py", line 252, in execute\n    schedd = self.pickAndSetSchedd(task)\n  File "/data/srv/TaskManager/3.3.1911.rc3.patch1/slc7_amd64_gcc630/cms/crabtaskworker/3.3.1911.rc3.patch1/lib/python2.7/site-packages/TaskWorker/Actions/DagmanSubmitter.py", line 227, in pickAndSetSchedd\n    schedd = loc.getSchedd(chooserFunction=self.config.TaskWorker.scheddPickerFunction)\n  File "/data/srv/TaskManager/3.3.1911.rc3.patch1/slc7_amd64_gcc630/cms/crabtaskworker/3.3.1911.rc3.patch1/lib/python2.7/site-packages/HTCondorLocator.py", line 175, in getSchedd\n    raise Exception("Could not find any schedd to submit to. Exception was raised: %s\\n" % str(ex))\nException: Could not find any schedd to submit to. Exception was raised: All possible CRAB schedd\'s are saturated. Try later\n\n', u'CMSSW_10_2_7', u'slc6_amd64_gcc700', u'/MinBias_TuneCP5_13TeV-pythia8/RunIIAutumn18MiniAOD-PUPoissonAve20_BParking_102X_upgrade2018_realistic_v15-v2/MINIAODSIM', u'F', u'0', u'[]', u'[]', u'FileBased', u"{'splitOnRun': False, 'halt_job_on_file_boundaries': False, 'files_per_job': 10, 'runs': [], 'lumis': []}", u'74aa52306510711342e53930f374305e0f6186b40a81f2cdf177e0192436fcea.tar.gz', u'https://cmsweb.cern.ch/crabcache', u'ragomesd', u'/DC=ch/DC=cern/OU=Organic Units/OU=Users/CN=ragomesd/CN=829123/CN=Raphael Gomes De Souza', u'cms', u'None', u'None', u'Ds_MC_13TeV-pythia8-00000000000000000000000000000000', u'F', u'T2_US_Nebraska', u'https://cmsweb.cern.ch/dbs/prod/global/DBSReader', u'https://cmsweb.cern.ch/dbs/prod/phys03/DBSWriter', u'F', u'[]', u"['D0DstarMC.root']", u'[]', u'Analysis', u'pythia', u'None', u'{}', u'[]', u'F', u'crab-prod-tw01', u'[]', u'1250', u'1', u'2000', u'10', u'None', u'[]', u'None', u'None', u'[]', u'[]', u'https://cmsweb.cern.ch/crabserver/prod', u'cmsgwms-collector-global.cern.ch:9620,cmssrv623.fnal.gov:9620', u'None', u'F', u'[]', u'T', u'/store/user/ragomesd', u'F', u'None', u'F', u'None', u'MinBias_TuneCP5_13TeV-pythia8', u'None', u'b47931d21d3607388f604a708bdcb9fd0831ea346d8b6a4eb7a37f2fff25897c.tar.gz', u'None', u'filetransfers', u'F', u'188.184.31.193', u'0.0', u'None'], u'desc': {u'columns': [u'tm_taskname', u'tm_activity', u'panda_jobset_id', u'tm_task_status', u'tm_task_command', u'tm_start_time', u'tm_start_injection', u'tm_end_injection', u'tm_task_failure', u'tm_job_sw', u'tm_job_arch', u'tm_input_dataset', u'tm_nonvalid_input_dataset', u'tm_use_parent', u'tm_site_whitelist', u'tm_site_blacklist', u'tm_split_algo', u'tm_split_args', u'tm_user_sandbox', u'tm_cache_url', u'tm_username', u'tm_user_dn', u'tm_user_vo', u'tm_user_role', u'tm_user_group', u'tm_publish_name', u'tm_publish_groupname', u'tm_asyncdest', u'tm_dbs_url', u'tm_publish_dbs_url', u'tm_publication', u'tm_outfiles', u'tm_tfile_outfiles', u'tm_edm_outfiles', u'tm_job_type', u'tm_generator', u'tm_events_per_lumi', u'tm_arguments', u'panda_resubmitted_jobs', u'tm_save_logs', u'tw_name', u'tm_user_infiles', u'tm_maxjobruntime', u'tm_numcores', u'tm_maxmemory', u'tm_priority', u'tm_output_dataset', u'tm_task_warnings', u'tm_user_webdir', u'tm_scriptexe', u'tm_scriptargs', u'tm_extrajdl', u'tm_asourl', u'tm_collector', u'tm_schedd', u'tm_dry_run', u'tm_user_files', u'tm_transfer_outputs', u'tm_output_lfn', u'tm_ignore_locality', u'tm_fail_limit', u'tm_one_event_mode', u'tm_secondary_input_dataset', u'tm_primary_dataset', u'tm_last_publication', u'tm_debug_files', u'clusterid', u'tm_asodb', u'tm_ignore_global_blacklist', u'tm_submitter_ip_addr', u'tm_totalunits', u'tm_ddm_reqid']}}
INFO 2019-11-07 14:43:03.717 UTC: 	 CRAB project directory:		/afs/cern.ch/work/r/ragomesd/B_parking/CMSSW_10_2_7/src/BanalysisMiniAOD-1/BAnalyzer/python/crab_projects/crab_Ds_MC_Run2018A
INFO 2019-11-07 14:43:03.717 UTC: 	 Task name:			191107_143631:ragomesd_crab_Ds_MC_Run2018A
INFO 2019-11-07 14:43:03.717 UTC: 	 Grid scheduler - Task Worker:	N/A yet - crab-prod-tw01
INFO 2019-11-07 14:43:03.717 UTC: 	 Status on the CRAB server:	SUBMITFAILED
INFO 2019-11-07 14:43:03.717 UTC: 	 Task URL to use for HELP:	https://cmsweb.cern.ch/crabserver/ui/task/191107_143631%3Aragomesd_crab_Ds_MC_Run2018A
INFO 2019-11-07 14:43:03.717 UTC: 	 Dashboard monitoring URL:	https://monit-grafana.cern.ch/d/cmsTMDetail/cms-task-monitoring-task-view?orgId=11&var-user=ragomesd&var-task=191107_143631%3Aragomesd_crab_Ds_MC_Run2018A
INFO 2019-11-07 14:43:03.717 UTC: 	 In case of issues with the dashboard, please provide feedback to hn-cms-computing-tools@cern.ch
ERROR 2019-11-07 14:43:03.718 UTC: 	 Failure message from server:	Problem handling 191107_143631:ragomesd_crab_Ds_MC_Run2018A because of Could not find any schedd to submit to. Exception was raised: All possible CRAB schedd's are saturated. Try later
				 failure, traceback follows
				Traceback (most recent call last):
				  File "/data/srv/TaskManager/3.3.1911.rc3.patch1/slc7_amd64_gcc630/cms/crabtaskworker/3.3.1911.rc3.patch1/lib/python2.7/site-packages/TaskWorker/Actions/Handler.py", line 77, in executeAction
				    output = work.execute(nextinput, task=self._task, tempDir=self.tempDir)
				  File "/data/srv/TaskManager/3.3.1911.rc3.patch1/slc7_amd64_gcc630/cms/crabtaskworker/3.3.1911.rc3.patch1/lib/python2.7/site-packages/TaskWorker/Actions/DagmanSubmitter.py", line 252, in execute
				    schedd = self.pickAndSetSchedd(task)
				  File "/data/srv/TaskManager/3.3.1911.rc3.patch1/slc7_amd64_gcc630/cms/crabtaskworker/3.3.1911.rc3.patch1/lib/python2.7/site-packages/TaskWorker/Actions/DagmanSubmitter.py", line 227, in pickAndSetSchedd
				    schedd = loc.getSchedd(chooserFunction=self.config.TaskWorker.scheddPickerFunction)
				  File "/data/srv/TaskManager/3.3.1911.rc3.patch1/slc7_amd64_gcc630/cms/crabtaskworker/3.3.1911.rc3.patch1/lib/python2.7/site-packages/HTCondorLocator.py", line 175, in getSchedd
				    raise Exception("Could not find any schedd to submit to. Exception was raised: %s\n" % str(ex))
				Exception: Could not find any schedd to submit to. Exception was raised: All possible CRAB schedd's are saturated. Try later
				
				
DEBUG 2019-11-07 14:43:03.718 UTC: 	 The task has not been submitted to the Grid scheduler yet. Not printing job information.
INFO 2019-11-07 14:43:03.726 UTC: 	 Log file is /afs/cern.ch/work/r/ragomesd/B_parking/CMSSW_10_2_7/src/BanalysisMiniAOD-1/BAnalyzer/python/crab_projects/crab_Ds_MC_Run2018A/crab.log
