DEBUG 2020-01-05 04:30:40.348 UTC: 	 Running on: Linux lxplus600.cern.ch 2.6.32-754.24.3.el6.x86_64 #1 SMP Thu Nov 14 12:04:29 CET 2019 x86_64 x86_64 x86_64 GNU/Linux - Scientific Linux CERN SLC release 6.10 (Carbon)
DEBUG 2020-01-05 04:30:40.373 UTC: 	 OpenSSl version: OpenSSL 1.0.1e-fips 11 Feb 2013
DEBUG 2020-01-05 04:30:40.374 UTC: 	 Executing command: 'submit'
DEBUG 2020-01-05 04:30:40.374 UTC: 	 Found CRAB cache file /afs/cern.ch/user/r/ragomesd/.crab3
DEBUG 2020-01-05 04:30:40.387 UTC: 	 Checking credentials
DEBUG 2020-01-05 04:30:40.387 UTC: 	 Found proxy file /tmp/x509up_u112971
DEBUG 2020-01-05 04:30:40.387 UTC: 	 Getting proxy life time left
DEBUG 2020-01-05 04:30:41.598 UTC: 	 Executing : 
 command : voms-proxy-info -file /tmp/x509up_u112971 -timeleft
 output : 86086

 error: 
 retcode : 0
DEBUG 2020-01-05 04:30:42.711 UTC: 	 Executing : 
 command : voms-proxy-info -file /tmp/x509up_u112971 -actimeleft
 output : 86085

 error: 
 retcode : 0
DEBUG 2020-01-05 04:30:42.712 UTC: 	 Proxy lifetime 86086 secs is different from voms extension lifetime 86085 secs for proxy: /tmp/x509up_u112971
DEBUG 2020-01-05 04:30:42.712 UTC: 	 Proxy valid for 23:54:45 hours
DEBUG 2020-01-05 04:30:42.715 UTC: 	 Will use CRAB Analysis plugin (i.e. will run an analysis job type).
DEBUG 2020-01-05 04:30:42.811 UTC: 	 Running on: Linux lxplus600.cern.ch 2.6.32-754.24.3.el6.x86_64 #1 SMP Thu Nov 14 12:04:29 CET 2019 x86_64 x86_64 x86_64 GNU/Linux - Scientific Linux CERN SLC release 6.10 (Carbon)
DEBUG 2020-01-05 04:30:42.875 UTC: 	 OpenSSl version: OpenSSL 1.0.1e-fips 11 Feb 2013
DEBUG 2020-01-05 04:30:42.876 UTC: 	 Executing command: 'submit'
DEBUG 2020-01-05 04:30:42.876 UTC: 	 Found CRAB cache file /afs/cern.ch/user/r/ragomesd/.crab3
DEBUG 2020-01-05 04:30:42.892 UTC: 	 Checking credentials
DEBUG 2020-01-05 04:30:42.892 UTC: 	 Found proxy file /tmp/x509up_u112971
DEBUG 2020-01-05 04:30:42.892 UTC: 	 Getting proxy life time left
DEBUG 2020-01-05 04:30:43.912 UTC: 	 Executing : 
 command : voms-proxy-info -file /tmp/x509up_u112971 -timeleft
 output : 86084

 error: 
 retcode : 0
DEBUG 2020-01-05 04:30:44.929 UTC: 	 Executing : 
 command : voms-proxy-info -file /tmp/x509up_u112971 -actimeleft
 output : 86083

 error: 
 retcode : 0
DEBUG 2020-01-05 04:30:44.930 UTC: 	 Proxy lifetime 86084 secs is different from voms extension lifetime 86083 secs for proxy: /tmp/x509up_u112971
DEBUG 2020-01-05 04:30:44.930 UTC: 	 Proxy valid for 23:54:43 hours
DEBUG 2020-01-05 04:30:44.931 UTC: 	 Will use CRAB Analysis plugin (i.e. will run an analysis job type).
DEBUG 2020-01-05 04:30:44.994 UTC: 	 Running on: Linux lxplus600.cern.ch 2.6.32-754.24.3.el6.x86_64 #1 SMP Thu Nov 14 12:04:29 CET 2019 x86_64 x86_64 x86_64 GNU/Linux - Scientific Linux CERN SLC release 6.10 (Carbon)
DEBUG 2020-01-05 04:30:45.021 UTC: 	 OpenSSl version: OpenSSL 1.0.1e-fips 11 Feb 2013
DEBUG 2020-01-05 04:30:45.022 UTC: 	 Executing command: 'submit'
DEBUG 2020-01-05 04:30:45.022 UTC: 	 Found CRAB cache file /afs/cern.ch/user/r/ragomesd/.crab3
DEBUG 2020-01-05 04:30:45.034 UTC: 	 Checking credentials
DEBUG 2020-01-05 04:30:45.035 UTC: 	 Found proxy file /tmp/x509up_u112971
DEBUG 2020-01-05 04:30:45.037 UTC: 	 Getting proxy life time left
DEBUG 2020-01-05 04:30:45.846 UTC: 	 Executing : 
 command : voms-proxy-info -file /tmp/x509up_u112971 -timeleft
 output : 86082

 error: 
 retcode : 0
DEBUG 2020-01-05 04:30:46.659 UTC: 	 Executing : 
 command : voms-proxy-info -file /tmp/x509up_u112971 -actimeleft
 output : 86081

 error: 
 retcode : 0
DEBUG 2020-01-05 04:30:46.661 UTC: 	 Proxy lifetime 86082 secs is different from voms extension lifetime 86081 secs for proxy: /tmp/x509up_u112971
DEBUG 2020-01-05 04:30:46.661 UTC: 	 Proxy valid for 23:54:41 hours
DEBUG 2020-01-05 04:30:46.662 UTC: 	 Will use CRAB Analysis plugin (i.e. will run an analysis job type).
DEBUG 2020-01-05 04:30:46.720 UTC: 	 Running on: Linux lxplus600.cern.ch 2.6.32-754.24.3.el6.x86_64 #1 SMP Thu Nov 14 12:04:29 CET 2019 x86_64 x86_64 x86_64 GNU/Linux - Scientific Linux CERN SLC release 6.10 (Carbon)
DEBUG 2020-01-05 04:30:46.762 UTC: 	 OpenSSl version: OpenSSL 1.0.1e-fips 11 Feb 2013
DEBUG 2020-01-05 04:30:46.763 UTC: 	 Executing command: 'submit'
DEBUG 2020-01-05 04:30:46.763 UTC: 	 Found CRAB cache file /afs/cern.ch/user/r/ragomesd/.crab3
DEBUG 2020-01-05 04:30:46.777 UTC: 	 Checking credentials
DEBUG 2020-01-05 04:30:46.777 UTC: 	 Found proxy file /tmp/x509up_u112971
DEBUG 2020-01-05 04:30:46.777 UTC: 	 Getting proxy life time left
DEBUG 2020-01-05 04:30:47.586 UTC: 	 Executing : 
 command : voms-proxy-info -file /tmp/x509up_u112971 -timeleft
 output : 86080

 error: 
 retcode : 0
DEBUG 2020-01-05 04:30:48.404 UTC: 	 Executing : 
 command : voms-proxy-info -file /tmp/x509up_u112971 -actimeleft
 output : 86079

 error: 
 retcode : 0
DEBUG 2020-01-05 04:30:48.405 UTC: 	 Proxy lifetime 86080 secs is different from voms extension lifetime 86079 secs for proxy: /tmp/x509up_u112971
DEBUG 2020-01-05 04:30:48.405 UTC: 	 Proxy valid for 23:54:39 hours
DEBUG 2020-01-05 04:30:48.406 UTC: 	 Will use CRAB Analysis plugin (i.e. will run an analysis job type).
DEBUG 2020-01-05 04:30:48.504 UTC: 	 Running on: Linux lxplus600.cern.ch 2.6.32-754.24.3.el6.x86_64 #1 SMP Thu Nov 14 12:04:29 CET 2019 x86_64 x86_64 x86_64 GNU/Linux - Scientific Linux CERN SLC release 6.10 (Carbon)
DEBUG 2020-01-05 04:30:48.533 UTC: 	 OpenSSl version: OpenSSL 1.0.1e-fips 11 Feb 2013
DEBUG 2020-01-05 04:30:48.534 UTC: 	 Executing command: 'submit'
DEBUG 2020-01-05 04:30:48.534 UTC: 	 Found CRAB cache file /afs/cern.ch/user/r/ragomesd/.crab3
DEBUG 2020-01-05 04:30:48.548 UTC: 	 Checking credentials
DEBUG 2020-01-05 04:30:48.549 UTC: 	 Found proxy file /tmp/x509up_u112971
DEBUG 2020-01-05 04:30:48.549 UTC: 	 Getting proxy life time left
DEBUG 2020-01-05 04:30:49.767 UTC: 	 Executing : 
 command : voms-proxy-info -file /tmp/x509up_u112971 -timeleft
 output : 86078

 error: 
 retcode : 0
DEBUG 2020-01-05 04:30:50.677 UTC: 	 Executing : 
 command : voms-proxy-info -file /tmp/x509up_u112971 -actimeleft
 output : 86077

 error: 
 retcode : 0
DEBUG 2020-01-05 04:30:50.677 UTC: 	 Proxy lifetime 86078 secs is different from voms extension lifetime 86077 secs for proxy: /tmp/x509up_u112971
DEBUG 2020-01-05 04:30:50.677 UTC: 	 Proxy valid for 23:54:37 hours
DEBUG 2020-01-05 04:30:50.678 UTC: 	 Will use CRAB Analysis plugin (i.e. will run an analysis job type).
DEBUG 2020-01-08 18:53:46.665 UTC: 	 Running on: Linux lxplus602.cern.ch 2.6.32-754.24.3.el6.x86_64 #1 SMP Thu Nov 14 12:04:29 CET 2019 x86_64 x86_64 x86_64 GNU/Linux - Scientific Linux CERN SLC release 6.10 (Carbon)
DEBUG 2020-01-08 18:53:46.686 UTC: 	 OpenSSl version: OpenSSL 1.0.1e-fips 11 Feb 2013
DEBUG 2020-01-08 18:53:46.686 UTC: 	 Executing command: 'submit'
DEBUG 2020-01-08 18:53:46.736 UTC: 	 Found CRAB cache file /afs/cern.ch/user/r/ragomesd/.crab3
DEBUG 2020-01-08 18:53:46.803 UTC: 	 Checking credentials
DEBUG 2020-01-08 18:53:46.803 UTC: 	 Found proxy file /tmp/x509up_u112971
DEBUG 2020-01-08 18:53:46.803 UTC: 	 Getting proxy life time left
DEBUG 2020-01-08 18:53:47.910 UTC: 	 Executing : 
 command : voms-proxy-info -file /tmp/x509up_u112971 -timeleft
 output : 0

 error: 
 retcode : 0
DEBUG 2020-01-08 18:53:47.911 UTC: 	 Proxy valid for 00:00:00 hours
DEBUG 2020-01-08 18:53:47.911 UTC: 	 Creating new proxy for 24:00 hours with VO group '' and VO role 'NULL'.
DEBUG 2020-01-08 18:53:57.367 UTC: 	 Executing : 
 command : voms-proxy-init -voms cms:/cms -valid 24:00 -rfc
 output : None
 error: None
 retcode : 0
DEBUG 2020-01-08 18:53:58.688 UTC: 	 Executing : 
 command : voms-proxy-info -file /tmp/x509up_u112971 -timeleft
 output : 86397

 error: 
 retcode : 0
DEBUG 2020-01-08 18:53:59.810 UTC: 	 Executing : 
 command : voms-proxy-info -file /tmp/x509up_u112971 -actimeleft
 output : 86396

 error: 
 retcode : 0
DEBUG 2020-01-08 18:53:59.810 UTC: 	 Proxy lifetime 86397 secs is different from voms extension lifetime 86396 secs for proxy: /tmp/x509up_u112971
DEBUG 2020-01-08 18:54:00.841 UTC: 	 Executing : 
 command : env X509_USER_PROXY=/tmp/x509up_u112971 voms-proxy-info -fqan
 output : /cms/Role=NULL/Capability=NULL

 error: 
 retcode : 0
DEBUG 2020-01-08 18:54:00.842 UTC: 	 Proxy created.
DEBUG 2020-01-08 18:54:00.843 UTC: 	 Will use CRAB Analysis plugin (i.e. will run an analysis job type).
DEBUG 2020-01-08 18:54:00.960 UTC: 	 Running on: Linux lxplus602.cern.ch 2.6.32-754.24.3.el6.x86_64 #1 SMP Thu Nov 14 12:04:29 CET 2019 x86_64 x86_64 x86_64 GNU/Linux - Scientific Linux CERN SLC release 6.10 (Carbon)
DEBUG 2020-01-08 18:54:00.999 UTC: 	 OpenSSl version: OpenSSL 1.0.1e-fips 11 Feb 2013
DEBUG 2020-01-08 18:54:00.999 UTC: 	 Executing command: 'submit'
DEBUG 2020-01-08 18:54:00.999 UTC: 	 Found CRAB cache file /afs/cern.ch/user/r/ragomesd/.crab3
DEBUG 2020-01-08 18:54:01.030 UTC: 	 Checking credentials
DEBUG 2020-01-08 18:54:01.030 UTC: 	 Found proxy file /tmp/x509up_u112971
DEBUG 2020-01-08 18:54:01.030 UTC: 	 Getting proxy life time left
DEBUG 2020-01-08 18:54:02.051 UTC: 	 Executing : 
 command : voms-proxy-info -file /tmp/x509up_u112971 -timeleft
 output : 86394

 error: 
 retcode : 0
DEBUG 2020-01-08 18:54:03.060 UTC: 	 Executing : 
 command : voms-proxy-info -file /tmp/x509up_u112971 -actimeleft
 output : 86392

 error: 
 retcode : 0
DEBUG 2020-01-08 18:54:03.061 UTC: 	 Proxy lifetime 86394 secs is different from voms extension lifetime 86392 secs for proxy: /tmp/x509up_u112971
DEBUG 2020-01-08 18:54:03.061 UTC: 	 Proxy valid for 23:59:52 hours
DEBUG 2020-01-08 18:54:03.061 UTC: 	 Will use CRAB Analysis plugin (i.e. will run an analysis job type).
DEBUG 2020-01-11 04:18:51.245 UTC: 	 Running on: Linux lxplus602.cern.ch 2.6.32-754.24.3.el6.x86_64 #1 SMP Thu Nov 14 12:04:29 CET 2019 x86_64 x86_64 x86_64 GNU/Linux - Scientific Linux CERN SLC release 6.10 (Carbon)
DEBUG 2020-01-11 04:18:51.274 UTC: 	 OpenSSl version: OpenSSL 1.0.1e-fips 11 Feb 2013
DEBUG 2020-01-11 04:18:51.275 UTC: 	 Executing command: 'submit'
DEBUG 2020-01-11 04:18:51.452 UTC: 	 Found CRAB cache file /afs/cern.ch/user/r/ragomesd/.crab3
DEBUG 2020-01-11 04:18:51.466 UTC: 	 Checking credentials
DEBUG 2020-01-11 04:18:51.467 UTC: 	 Found proxy file /tmp/x509up_u112971
DEBUG 2020-01-11 04:18:51.467 UTC: 	 Getting proxy life time left
DEBUG 2020-01-11 04:18:52.380 UTC: 	 Executing : 
 command : voms-proxy-info -file /tmp/x509up_u112971 -timeleft
 output : 86039

 error: 
 retcode : 0
DEBUG 2020-01-11 04:18:53.894 UTC: 	 Executing : 
 command : voms-proxy-info -file /tmp/x509up_u112971 -actimeleft
 output : 86038

 error: 
 retcode : 0
DEBUG 2020-01-11 04:18:53.895 UTC: 	 Proxy lifetime 86039 secs is different from voms extension lifetime 86038 secs for proxy: /tmp/x509up_u112971
DEBUG 2020-01-11 04:18:53.895 UTC: 	 Proxy valid for 23:53:58 hours
DEBUG 2020-01-11 04:18:53.895 UTC: 	 Will use CRAB Analysis plugin (i.e. will run an analysis job type).
DEBUG 2020-01-11 17:14:12.133 UTC: 	 Running on: Linux lxplus604.cern.ch 2.6.32-754.24.3.el6.x86_64 #1 SMP Thu Nov 14 12:04:29 CET 2019 x86_64 x86_64 x86_64 GNU/Linux - Scientific Linux CERN SLC release 6.10 (Carbon)
DEBUG 2020-01-11 17:14:12.151 UTC: 	 OpenSSl version: OpenSSL 1.0.1e-fips 11 Feb 2013
DEBUG 2020-01-11 17:14:12.152 UTC: 	 Executing command: 'submit'
DEBUG 2020-01-11 17:14:12.183 UTC: 	 Found CRAB cache file /afs/cern.ch/user/r/ragomesd/.crab3
DEBUG 2020-01-11 17:14:12.193 UTC: 	 Checking credentials
DEBUG 2020-01-11 17:14:12.194 UTC: 	 Found proxy file /tmp/x509up_u112971
DEBUG 2020-01-11 17:14:12.194 UTC: 	 Getting proxy life time left
DEBUG 2020-01-11 17:14:13.301 UTC: 	 Executing : 
 command : voms-proxy-info -file /tmp/x509up_u112971 -timeleft
 output : 75072

 error: 
 retcode : 0
DEBUG 2020-01-11 17:14:14.109 UTC: 	 Executing : 
 command : voms-proxy-info -file /tmp/x509up_u112971 -actimeleft
 output : 75071

 error: 
 retcode : 0
DEBUG 2020-01-11 17:14:14.109 UTC: 	 Proxy lifetime 75072 secs is different from voms extension lifetime 75071 secs for proxy: /tmp/x509up_u112971
DEBUG 2020-01-11 17:14:14.109 UTC: 	 Proxy valid for 20:51:11 hours
DEBUG 2020-01-11 17:14:14.110 UTC: 	 Will use CRAB Analysis plugin (i.e. will run an analysis job type).
DEBUG 2020-01-13 03:55:51.223 UTC: 	 Running on: Linux lxplus603.cern.ch 2.6.32-754.24.3.el6.x86_64 #1 SMP Thu Nov 14 12:04:29 CET 2019 x86_64 x86_64 x86_64 GNU/Linux - Scientific Linux CERN SLC release 6.10 (Carbon)
DEBUG 2020-01-13 03:55:51.239 UTC: 	 OpenSSl version: OpenSSL 1.0.1e-fips 11 Feb 2013
DEBUG 2020-01-13 03:55:51.239 UTC: 	 Executing command: 'submit'
DEBUG 2020-01-13 03:55:51.334 UTC: 	 Found CRAB cache file /afs/cern.ch/user/r/ragomesd/.crab3
DEBUG 2020-01-13 03:55:51.344 UTC: 	 Checking credentials
DEBUG 2020-01-13 03:55:51.345 UTC: 	 Found proxy file /tmp/x509up_u112971
DEBUG 2020-01-13 03:55:51.345 UTC: 	 Getting proxy life time left
DEBUG 2020-01-13 03:55:52.151 UTC: 	 Executing : 
 command : voms-proxy-info -file /tmp/x509up_u112971 -timeleft
 output : 35605

 error: 
 retcode : 0
DEBUG 2020-01-13 03:55:52.861 UTC: 	 Executing : 
 command : voms-proxy-info -file /tmp/x509up_u112971 -actimeleft
 output : 35605

 error: 
 retcode : 0
DEBUG 2020-01-13 03:55:52.862 UTC: 	 Proxy valid for 09:53:25 hours
DEBUG 2020-01-13 03:55:52.862 UTC: 	 Will use CRAB Analysis plugin (i.e. will run an analysis job type).
DEBUG 2020-01-14 04:12:14.575 UTC: 	 Running on: Linux lxplus604.cern.ch 2.6.32-754.24.3.el6.x86_64 #1 SMP Thu Nov 14 12:04:29 CET 2019 x86_64 x86_64 x86_64 GNU/Linux - Scientific Linux CERN SLC release 6.10 (Carbon)
DEBUG 2020-01-14 04:12:14.603 UTC: 	 OpenSSl version: OpenSSL 1.0.1e-fips 11 Feb 2013
DEBUG 2020-01-14 04:12:14.604 UTC: 	 Executing command: 'submit'
DEBUG 2020-01-14 04:12:14.730 UTC: 	 Found CRAB cache file /afs/cern.ch/user/r/ragomesd/.crab3
DEBUG 2020-01-14 04:12:14.740 UTC: 	 Checking credentials
DEBUG 2020-01-14 04:12:14.741 UTC: 	 Found proxy file /tmp/x509up_u112971
DEBUG 2020-01-14 04:12:14.742 UTC: 	 Getting proxy life time left
DEBUG 2020-01-14 04:12:15.552 UTC: 	 Executing : 
 command : voms-proxy-info -file /tmp/x509up_u112971 -timeleft
 output : 25051

 error: 
 retcode : 0
DEBUG 2020-01-14 04:12:16.259 UTC: 	 Executing : 
 command : voms-proxy-info -file /tmp/x509up_u112971 -actimeleft
 output : 25050

 error: 
 retcode : 0
DEBUG 2020-01-14 04:12:16.259 UTC: 	 Proxy lifetime 25051 secs is different from voms extension lifetime 25050 secs for proxy: /tmp/x509up_u112971
DEBUG 2020-01-14 04:12:16.259 UTC: 	 Proxy valid for 06:57:30 hours
DEBUG 2020-01-14 04:12:16.260 UTC: 	 Will use CRAB Analysis plugin (i.e. will run an analysis job type).
DEBUG 2020-01-15 20:11:48.724 UTC: 	 Running on: Linux lxplus603.cern.ch 2.6.32-754.24.3.el6.x86_64 #1 SMP Thu Nov 14 12:04:29 CET 2019 x86_64 x86_64 x86_64 GNU/Linux - Scientific Linux CERN SLC release 6.10 (Carbon)
DEBUG 2020-01-15 20:11:48.742 UTC: 	 OpenSSl version: OpenSSL 1.0.1e-fips 11 Feb 2013
DEBUG 2020-01-15 20:11:48.742 UTC: 	 Executing command: 'submit'
DEBUG 2020-01-15 20:11:48.894 UTC: 	 Found CRAB cache file /afs/cern.ch/user/r/ragomesd/.crab3
DEBUG 2020-01-15 20:11:48.902 UTC: 	 Checking credentials
DEBUG 2020-01-15 20:11:48.904 UTC: 	 Found proxy file /tmp/x509up_u112971
DEBUG 2020-01-15 20:11:48.904 UTC: 	 Getting proxy life time left
DEBUG 2020-01-15 20:11:49.811 UTC: 	 Executing : 
 command : voms-proxy-info -file /tmp/x509up_u112971 -timeleft
 output : 74288

 error: 
 retcode : 0
DEBUG 2020-01-15 20:11:50.524 UTC: 	 Executing : 
 command : voms-proxy-info -file /tmp/x509up_u112971 -actimeleft
 output : 74286

 error: 
 retcode : 0
DEBUG 2020-01-15 20:11:50.524 UTC: 	 Proxy lifetime 74288 secs is different from voms extension lifetime 74286 secs for proxy: /tmp/x509up_u112971
DEBUG 2020-01-15 20:11:50.524 UTC: 	 Proxy valid for 20:38:06 hours
DEBUG 2020-01-15 20:11:50.525 UTC: 	 Will use CRAB Analysis plugin (i.e. will run an analysis job type).
DEBUG 2020-01-20 03:10:49.019 UTC: 	 Running on: Linux lxplus608.cern.ch 2.6.32-754.25.1.el6.x86_64 #1 SMP Wed Dec 18 10:33:29 CET 2019 x86_64 x86_64 x86_64 GNU/Linux - Scientific Linux CERN SLC release 6.10 (Carbon)
DEBUG 2020-01-20 03:10:49.036 UTC: 	 OpenSSl version: OpenSSL 1.0.1e-fips 11 Feb 2013
DEBUG 2020-01-20 03:10:49.037 UTC: 	 Executing command: 'submit'
DEBUG 2020-01-20 03:10:49.195 UTC: 	 Found CRAB cache file /afs/cern.ch/user/r/ragomesd/.crab3
DEBUG 2020-01-20 03:10:49.249 UTC: 	 Checking credentials
DEBUG 2020-01-20 03:10:49.249 UTC: 	 Proxy file /tmp/x509up_u112971 not found
DEBUG 2020-01-20 03:10:49.249 UTC: 	 Creating new proxy for 24:00 hours with VO group '' and VO role 'NULL'.
DEBUG 2020-01-20 03:10:57.174 UTC: 	 Executing : 
 command : voms-proxy-init -voms cms:/cms -valid 24:00 -rfc
 output : None
 error: None
 retcode : 0
DEBUG 2020-01-20 03:10:57.981 UTC: 	 Executing : 
 command : voms-proxy-info -file /tmp/x509up_u112971 -timeleft
 output : 86398

 error: 
 retcode : 0
DEBUG 2020-01-20 03:10:58.788 UTC: 	 Executing : 
 command : voms-proxy-info -file /tmp/x509up_u112971 -actimeleft
 output : 86397

 error: 
 retcode : 0
DEBUG 2020-01-20 03:10:58.788 UTC: 	 Proxy lifetime 86398 secs is different from voms extension lifetime 86397 secs for proxy: /tmp/x509up_u112971
DEBUG 2020-01-20 03:10:59.493 UTC: 	 Executing : 
 command : env X509_USER_PROXY=/tmp/x509up_u112971 voms-proxy-info -fqan
 output : /cms/Role=NULL/Capability=NULL

 error: 
 retcode : 0
DEBUG 2020-01-20 03:10:59.494 UTC: 	 Proxy created.
DEBUG 2020-01-20 03:10:59.494 UTC: 	 Will use CRAB Analysis plugin (i.e. will run an analysis job type).
DEBUG 2020-01-20 16:28:22.721 UTC: 	 Running on: Linux lxplus602.cern.ch 2.6.32-754.25.1.el6.x86_64 #1 SMP Wed Dec 18 10:33:29 CET 2019 x86_64 x86_64 x86_64 GNU/Linux - Scientific Linux CERN SLC release 6.10 (Carbon)
DEBUG 2020-01-20 16:28:22.821 UTC: 	 OpenSSl version: OpenSSL 1.0.1e-fips 11 Feb 2013
DEBUG 2020-01-20 16:28:22.822 UTC: 	 Executing command: 'submit'
DEBUG 2020-01-20 16:28:23.683 UTC: 	 Found CRAB cache file /afs/cern.ch/user/r/ragomesd/.crab3
DEBUG 2020-01-20 16:28:23.703 UTC: 	 Checking credentials
DEBUG 2020-01-20 16:28:23.714 UTC: 	 Found proxy file /tmp/x509up_u112971
DEBUG 2020-01-20 16:28:23.714 UTC: 	 Getting proxy life time left
DEBUG 2020-01-20 16:28:26.569 UTC: 	 Executing : 
 command : voms-proxy-info -file /tmp/x509up_u112971 -timeleft
 output : 42071

 error: 
 retcode : 0
DEBUG 2020-01-20 16:28:28.118 UTC: 	 Executing : 
 command : voms-proxy-info -file /tmp/x509up_u112971 -actimeleft
 output : 42068

 error: 
 retcode : 0
DEBUG 2020-01-20 16:28:28.118 UTC: 	 Proxy lifetime 42071 secs is different from voms extension lifetime 42068 secs for proxy: /tmp/x509up_u112971
DEBUG 2020-01-20 16:28:28.118 UTC: 	 Proxy valid for 11:41:08 hours
DEBUG 2020-01-20 16:28:28.119 UTC: 	 Will use CRAB Analysis plugin (i.e. will run an analysis job type).
DEBUG 2020-01-22 10:20:02.710 UTC: 	 Running on: Linux lxplus604.cern.ch 2.6.32-754.24.3.el6.x86_64 #1 SMP Thu Nov 14 12:04:29 CET 2019 x86_64 x86_64 x86_64 GNU/Linux - Scientific Linux CERN SLC release 6.10 (Carbon)
DEBUG 2020-01-22 10:20:02.740 UTC: 	 OpenSSl version: OpenSSL 1.0.1e-fips 11 Feb 2013
DEBUG 2020-01-22 10:20:02.741 UTC: 	 Executing command: 'submit'
DEBUG 2020-01-22 10:20:02.743 UTC: 	 Found CRAB cache file /afs/cern.ch/user/r/ragomesd/.crab3
DEBUG 2020-01-22 10:20:02.758 UTC: 	 Checking credentials
DEBUG 2020-01-22 10:20:02.760 UTC: 	 Found proxy file /tmp/x509up_u112971
DEBUG 2020-01-22 10:20:02.760 UTC: 	 Getting proxy life time left
DEBUG 2020-01-22 10:20:03.772 UTC: 	 Executing : 
 command : voms-proxy-info -file /tmp/x509up_u112971 -timeleft
 output : 86362

 error: 
 retcode : 0
DEBUG 2020-01-22 10:20:04.592 UTC: 	 Executing : 
 command : voms-proxy-info -file /tmp/x509up_u112971 -actimeleft
 output : 86361

 error: 
 retcode : 0
DEBUG 2020-01-22 10:20:04.593 UTC: 	 Proxy lifetime 86362 secs is different from voms extension lifetime 86361 secs for proxy: /tmp/x509up_u112971
DEBUG 2020-01-22 10:20:04.593 UTC: 	 Proxy valid for 23:59:21 hours
DEBUG 2020-01-22 10:20:04.594 UTC: 	 Will use CRAB Analysis plugin (i.e. will run an analysis job type).
DEBUG 2020-01-22 10:20:04.670 UTC: 	 Running on: Linux lxplus604.cern.ch 2.6.32-754.24.3.el6.x86_64 #1 SMP Thu Nov 14 12:04:29 CET 2019 x86_64 x86_64 x86_64 GNU/Linux - Scientific Linux CERN SLC release 6.10 (Carbon)
DEBUG 2020-01-22 10:20:04.691 UTC: 	 OpenSSl version: OpenSSL 1.0.1e-fips 11 Feb 2013
DEBUG 2020-01-22 10:20:04.691 UTC: 	 Executing command: 'submit'
DEBUG 2020-01-22 10:20:04.692 UTC: 	 Found CRAB cache file /afs/cern.ch/user/r/ragomesd/.crab3
DEBUG 2020-01-22 10:20:04.703 UTC: 	 Checking credentials
DEBUG 2020-01-22 10:20:04.703 UTC: 	 Found proxy file /tmp/x509up_u112971
DEBUG 2020-01-22 10:20:04.703 UTC: 	 Getting proxy life time left
DEBUG 2020-01-22 10:20:05.523 UTC: 	 Executing : 
 command : voms-proxy-info -file /tmp/x509up_u112971 -timeleft
 output : 86360

 error: 
 retcode : 0
DEBUG 2020-01-22 10:20:06.335 UTC: 	 Executing : 
 command : voms-proxy-info -file /tmp/x509up_u112971 -actimeleft
 output : 86359

 error: 
 retcode : 0
DEBUG 2020-01-22 10:20:06.336 UTC: 	 Proxy lifetime 86360 secs is different from voms extension lifetime 86359 secs for proxy: /tmp/x509up_u112971
DEBUG 2020-01-22 10:20:06.336 UTC: 	 Proxy valid for 23:59:19 hours
DEBUG 2020-01-22 10:20:06.337 UTC: 	 Will use CRAB Analysis plugin (i.e. will run an analysis job type).
DEBUG 2020-01-22 10:20:06.418 UTC: 	 Running on: Linux lxplus604.cern.ch 2.6.32-754.24.3.el6.x86_64 #1 SMP Thu Nov 14 12:04:29 CET 2019 x86_64 x86_64 x86_64 GNU/Linux - Scientific Linux CERN SLC release 6.10 (Carbon)
DEBUG 2020-01-22 10:20:06.439 UTC: 	 OpenSSl version: OpenSSL 1.0.1e-fips 11 Feb 2013
DEBUG 2020-01-22 10:20:06.440 UTC: 	 Executing command: 'submit'
DEBUG 2020-01-22 10:20:06.440 UTC: 	 Found CRAB cache file /afs/cern.ch/user/r/ragomesd/.crab3
DEBUG 2020-01-22 10:20:06.451 UTC: 	 Checking credentials
DEBUG 2020-01-22 10:20:06.452 UTC: 	 Found proxy file /tmp/x509up_u112971
DEBUG 2020-01-22 10:20:06.452 UTC: 	 Getting proxy life time left
DEBUG 2020-01-22 10:20:07.261 UTC: 	 Executing : 
 command : voms-proxy-info -file /tmp/x509up_u112971 -timeleft
 output : 86358

 error: 
 retcode : 0
DEBUG 2020-01-22 10:20:08.081 UTC: 	 Executing : 
 command : voms-proxy-info -file /tmp/x509up_u112971 -actimeleft
 output : 86357

 error: 
 retcode : 0
DEBUG 2020-01-22 10:20:08.082 UTC: 	 Proxy lifetime 86358 secs is different from voms extension lifetime 86357 secs for proxy: /tmp/x509up_u112971
DEBUG 2020-01-22 10:20:08.082 UTC: 	 Proxy valid for 23:59:17 hours
DEBUG 2020-01-22 10:20:08.083 UTC: 	 Will use CRAB Analysis plugin (i.e. will run an analysis job type).
DEBUG 2020-01-22 10:20:08.148 UTC: 	 Running on: Linux lxplus604.cern.ch 2.6.32-754.24.3.el6.x86_64 #1 SMP Thu Nov 14 12:04:29 CET 2019 x86_64 x86_64 x86_64 GNU/Linux - Scientific Linux CERN SLC release 6.10 (Carbon)
DEBUG 2020-01-22 10:20:08.171 UTC: 	 OpenSSl version: OpenSSL 1.0.1e-fips 11 Feb 2013
DEBUG 2020-01-22 10:20:08.171 UTC: 	 Executing command: 'submit'
DEBUG 2020-01-22 10:20:08.172 UTC: 	 Found CRAB cache file /afs/cern.ch/user/r/ragomesd/.crab3
DEBUG 2020-01-22 10:20:08.185 UTC: 	 Checking credentials
DEBUG 2020-01-22 10:20:08.188 UTC: 	 Found proxy file /tmp/x509up_u112971
DEBUG 2020-01-22 10:20:08.188 UTC: 	 Getting proxy life time left
DEBUG 2020-01-22 10:20:09.111 UTC: 	 Executing : 
 command : voms-proxy-info -file /tmp/x509up_u112971 -timeleft
 output : 86356

 error: 
 retcode : 0
DEBUG 2020-01-22 10:20:10.030 UTC: 	 Executing : 
 command : voms-proxy-info -file /tmp/x509up_u112971 -actimeleft
 output : 86356

 error: 
 retcode : 0
DEBUG 2020-01-22 10:20:10.030 UTC: 	 Proxy valid for 23:59:16 hours
DEBUG 2020-01-22 10:20:10.031 UTC: 	 Will use CRAB Analysis plugin (i.e. will run an analysis job type).
DEBUG 2020-01-22 10:20:10.123 UTC: 	 Running on: Linux lxplus604.cern.ch 2.6.32-754.24.3.el6.x86_64 #1 SMP Thu Nov 14 12:04:29 CET 2019 x86_64 x86_64 x86_64 GNU/Linux - Scientific Linux CERN SLC release 6.10 (Carbon)
DEBUG 2020-01-22 10:20:10.144 UTC: 	 OpenSSl version: OpenSSL 1.0.1e-fips 11 Feb 2013
DEBUG 2020-01-22 10:20:10.144 UTC: 	 Executing command: 'submit'
DEBUG 2020-01-22 10:20:10.145 UTC: 	 Found CRAB cache file /afs/cern.ch/user/r/ragomesd/.crab3
DEBUG 2020-01-22 10:20:10.158 UTC: 	 Checking credentials
DEBUG 2020-01-22 10:20:10.158 UTC: 	 Found proxy file /tmp/x509up_u112971
DEBUG 2020-01-22 10:20:10.158 UTC: 	 Getting proxy life time left
DEBUG 2020-01-22 10:20:10.971 UTC: 	 Executing : 
 command : voms-proxy-info -file /tmp/x509up_u112971 -timeleft
 output : 86355

 error: 
 retcode : 0
DEBUG 2020-01-22 10:20:11.782 UTC: 	 Executing : 
 command : voms-proxy-info -file /tmp/x509up_u112971 -actimeleft
 output : 86354

 error: 
 retcode : 0
DEBUG 2020-01-22 10:20:11.783 UTC: 	 Proxy lifetime 86355 secs is different from voms extension lifetime 86354 secs for proxy: /tmp/x509up_u112971
DEBUG 2020-01-22 10:20:11.783 UTC: 	 Proxy valid for 23:59:14 hours
DEBUG 2020-01-22 10:20:11.784 UTC: 	 Will use CRAB Analysis plugin (i.e. will run an analysis job type).
DEBUG 2020-05-28 07:34:52.207 UTC: 	 CRAB Client version: 3.3.2005
DEBUG 2020-05-28 07:34:52.208 UTC: 	 Running on: Linux lxplus607.cern.ch 2.6.32-754.28.1.el6.x86_64 #1 SMP Thu Mar 12 13:39:11 CET 2020 x86_64 x86_64 x86_64 GNU/Linux - Scientific Linux CERN SLC release 6.10 (Carbon)
DEBUG 2020-05-28 07:34:52.225 UTC: 	 OpenSSl version: OpenSSL 1.0.1e-fips 11 Feb 2013
DEBUG 2020-05-28 07:34:52.226 UTC: 	 Executing command: 'status'
DEBUG 2020-05-28 07:34:52.228 UTC: 	 Found CRAB cache file /afs/cern.ch/user/r/ragomesd/.crab3
ERROR 2020-05-28 07:34:52.432 UTC: 	 Error: /afs/cern.ch/work/r/ragomesd/B_parking/CMSSW_10_2_7/src/BanalysisMiniAOD-1/DanalysisBparkingMiniAOD/python/crab_projects/crab_Ds_MC_Run2018A_MinBias_Tracks is not a valid CRAB project directory.
ERROR 2020-05-28 07:34:52.433 UTC: 	 Caught ClientException exception
Traceback (most recent call last):
  File "/cvmfs/cms.cern.ch/share/cms/crab-prod/3.3.2005-bcolbf2/bin/crab", line 165, in <module>
    client()
  File "/cvmfs/cms.cern.ch/share/cms/crab-prod/3.3.2005-bcolbf2/bin/crab", line 150, in __call__
    self.cmd = sub_cmd(self.logger, args[1:])
  File "/cvmfs/cms.cern.ch/share/cms/crab-prod/3.3.2005-bcolbf2/lib/CRABClient/Commands/status.py", line 41, in __init__
    SubCommand.__init__(self, logger, cmdargs)
  File "/cvmfs/cms.cern.ch/share/cms/crab-prod/3.3.2005-bcolbf2/lib/CRABClient/Commands/SubCommand.py", line 278, in __init__
    SubCommand.validateOptions(self)
  File "/cvmfs/cms.cern.ch/share/cms/crab-prod/3.3.2005-bcolbf2/lib/CRABClient/Commands/SubCommand.py", line 619, in validateOptions
    raise ConfigurationException(msg)
ConfigurationException: [91mError[0m: /afs/cern.ch/work/r/ragomesd/B_parking/CMSSW_10_2_7/src/BanalysisMiniAOD-1/DanalysisBparkingMiniAOD/python/crab_projects/crab_Ds_MC_Run2018A_MinBias_Tracks is not a valid CRAB project directory.
INFO 2020-05-28 07:34:53.031 UTC: 	 Log file is /afs/cern.ch/work/r/ragomesd/B_parking/CMSSW_10_2_7/src/BanalysisMiniAOD-1/DanalysisBparkingMiniAOD/python/crab.log
DEBUG 2020-05-28 07:36:21.247 UTC: 	 CRAB Client version: 3.3.2005
DEBUG 2020-05-28 07:36:21.247 UTC: 	 Running on: Linux lxplus607.cern.ch 2.6.32-754.28.1.el6.x86_64 #1 SMP Thu Mar 12 13:39:11 CET 2020 x86_64 x86_64 x86_64 GNU/Linux - Scientific Linux CERN SLC release 6.10 (Carbon)
DEBUG 2020-05-28 07:36:21.262 UTC: 	 OpenSSl version: OpenSSL 1.0.1e-fips 11 Feb 2013
DEBUG 2020-05-28 07:36:21.262 UTC: 	 Executing command: 'submit'
DEBUG 2020-05-28 07:36:21.304 UTC: 	 Found CRAB cache file /afs/cern.ch/user/r/ragomesd/.crab3
DEBUG 2020-05-28 07:36:21.305 UTC: 	 Will use CRAB Analysis plugin (i.e. will run an analysis job type).
DEBUG 2020-05-28 07:37:01.385 UTC: 	 CRAB Client version: 3.3.2005
DEBUG 2020-05-28 07:37:01.386 UTC: 	 Running on: Linux lxplus607.cern.ch 2.6.32-754.28.1.el6.x86_64 #1 SMP Thu Mar 12 13:39:11 CET 2020 x86_64 x86_64 x86_64 GNU/Linux - Scientific Linux CERN SLC release 6.10 (Carbon)
DEBUG 2020-05-28 07:37:01.409 UTC: 	 OpenSSl version: OpenSSL 1.0.1e-fips 11 Feb 2013
DEBUG 2020-05-28 07:37:01.409 UTC: 	 Executing command: 'checkusername'
DEBUG 2020-05-28 07:37:01.409 UTC: 	 Found CRAB cache file /afs/cern.ch/user/r/ragomesd/.crab3
DEBUG 2020-05-28 07:37:01.417 UTC: 	 Checking credentials
DEBUG 2020-05-28 07:37:01.417 UTC: 	 Proxy file /tmp/x509up_u112971 not found
DEBUG 2020-05-28 07:37:01.417 UTC: 	 Creating new proxy for 172:00 hours with VO group '' and VO role 'NULL'.
DEBUG 2020-05-28 07:37:08.345 UTC: 	 Executing : 
 command : voms-proxy-init -voms cms:/cms -valid 172:00 -rfc
 output : None
 error: None
 retcode : 1
DEBUG 2020-05-28 07:37:08.954 UTC: 	 Executing : 
 command : voms-proxy-info -file /tmp/x509up_u112971 -timeleft
 output : 
 error: Proxy not found: /tmp/x509up_u112971 (No such file or directory)

 retcode : 1
ERROR 2020-05-28 07:37:08.954 UTC: 	 Error while checking proxy timeleft for /tmp/x509up_u112971
DEBUG 2020-05-28 07:37:09.562 UTC: 	 Executing : 
 command : env X509_USER_PROXY=/tmp/x509up_u112971 voms-proxy-info -fqan
 output : 
 error: Proxy not found: /tmp/x509up_u112971 (No such file or directory)

 retcode : 1
ERROR 2020-05-28 07:37:09.562 UTC: 	 Problems creating proxy.
ERROR 2020-05-28 07:37:09.562 UTC: 	 Caught ClientException exception
Traceback (most recent call last):
  File "/cvmfs/cms.cern.ch/share/cms/crab-prod/3.3.2005-bcolbf2/bin/crab", line 165, in <module>
    client()
  File "/cvmfs/cms.cern.ch/share/cms/crab-prod/3.3.2005-bcolbf2/bin/crab", line 150, in __call__
    self.cmd = sub_cmd(self.logger, args[1:])
  File "/cvmfs/cms.cern.ch/share/cms/crab-prod/3.3.2005-bcolbf2/lib/CRABClient/Commands/SubCommand.py", line 372, in __init__
    self.handleProxy(proxyOptsSetPlace)
  File "/cvmfs/cms.cern.ch/share/cms/crab-prod/3.3.2005-bcolbf2/lib/CRABClient/Commands/SubCommand.py", line 452, in handleProxy
    proxyOptsSetPlace = proxyOptsSetPlace)
  File "/cvmfs/cms.cern.ch/share/cms/crab-prod/3.3.2005-bcolbf2/lib/CRABClient/CredentialInteractions.py", line 211, in createNewVomsProxy
    raise ProxyCreationException("Problems creating proxy.")
ProxyCreationException: Problems creating proxy.
INFO 2020-05-28 07:37:09.566 UTC: 	 Log file is /afs/cern.ch/work/r/ragomesd/B_parking/CMSSW_10_2_7/src/BanalysisMiniAOD-1/DanalysisBparkingMiniAOD/python/crab.log
DEBUG 2020-05-28 07:41:00.078 UTC: 	 CRAB Client version: 3.3.2005
DEBUG 2020-05-28 07:41:00.079 UTC: 	 Running on: Linux lxplus607.cern.ch 2.6.32-754.28.1.el6.x86_64 #1 SMP Thu Mar 12 13:39:11 CET 2020 x86_64 x86_64 x86_64 GNU/Linux - Scientific Linux CERN SLC release 6.10 (Carbon)
DEBUG 2020-05-28 07:41:00.095 UTC: 	 OpenSSl version: OpenSSL 1.0.1e-fips 11 Feb 2013
DEBUG 2020-05-28 07:41:00.095 UTC: 	 Executing command: 'submit'
DEBUG 2020-05-28 07:41:00.136 UTC: 	 Found CRAB cache file /afs/cern.ch/user/r/ragomesd/.crab3
DEBUG 2020-05-28 07:41:00.137 UTC: 	 Will use CRAB Analysis plugin (i.e. will run an analysis job type).
DEBUG 2020-05-28 13:31:22.513 UTC: 	 CRAB Client version: 3.3.2005
DEBUG 2020-05-28 13:31:22.513 UTC: 	 Running on: Linux lxplus600.cern.ch 2.6.32-754.29.2.el6.x86_64 #1 SMP Wed May 13 09:05:08 CEST 2020 x86_64 x86_64 x86_64 GNU/Linux - Scientific Linux CERN SLC release 6.10 (Carbon)
DEBUG 2020-05-28 13:31:22.528 UTC: 	 OpenSSl version: OpenSSL 1.0.1e-fips 11 Feb 2013
DEBUG 2020-05-28 13:31:22.529 UTC: 	 Executing command: 'submit'
DEBUG 2020-05-28 13:31:22.660 UTC: 	 Found CRAB cache file /afs/cern.ch/user/r/ragomesd/.crab3
DEBUG 2020-05-28 13:31:22.662 UTC: 	 Will use CRAB Analysis plugin (i.e. will run an analysis job type).
DEBUG 2020-05-28 17:04:37.573 UTC: 	 CRAB Client version: 3.3.2005
DEBUG 2020-05-28 17:04:37.574 UTC: 	 Running on: Linux lxplus602.cern.ch 2.6.32-754.28.1.el6.x86_64 #1 SMP Thu Mar 12 13:39:11 CET 2020 x86_64 x86_64 x86_64 GNU/Linux - Scientific Linux CERN SLC release 6.10 (Carbon)
DEBUG 2020-05-28 17:04:37.590 UTC: 	 OpenSSl version: OpenSSL 1.0.1e-fips 11 Feb 2013
DEBUG 2020-05-28 17:04:37.590 UTC: 	 Executing command: 'status'
DEBUG 2020-05-28 17:04:37.590 UTC: 	 Found CRAB cache file /afs/cern.ch/user/r/ragomesd/.crab3
ERROR 2020-05-28 17:04:37.591 UTC: 	 Cannot find .requestcache file in CRAB project directory /afs/cern.ch/work/r/ragomesd/B_parking/CMSSW_10_2_7/src/BanalysisMiniAOD-1/DanalysisBparkingMiniAOD/python/crab_projects/crab_Ds_MC_Run2018A_Official_Tracks
ERROR 2020-05-28 17:04:37.592 UTC: 	 Caught ClientException exception
Traceback (most recent call last):
  File "/cvmfs/cms.cern.ch/share/cms/crab-prod/3.3.2005-bcolbf2/bin/crab", line 165, in <module>
    client()
  File "/cvmfs/cms.cern.ch/share/cms/crab-prod/3.3.2005-bcolbf2/bin/crab", line 150, in __call__
    self.cmd = sub_cmd(self.logger, args[1:])
  File "/cvmfs/cms.cern.ch/share/cms/crab-prod/3.3.2005-bcolbf2/lib/CRABClient/Commands/status.py", line 41, in __init__
    SubCommand.__init__(self, logger, cmdargs)
  File "/cvmfs/cms.cern.ch/share/cms/crab-prod/3.3.2005-bcolbf2/lib/CRABClient/Commands/SubCommand.py", line 278, in __init__
    SubCommand.validateOptions(self)
  File "/cvmfs/cms.cern.ch/share/cms/crab-prod/3.3.2005-bcolbf2/lib/CRABClient/Commands/SubCommand.py", line 623, in validateOptions
    self.loadLocalCache()
  File "/cvmfs/cms.cern.ch/share/cms/crab-prod/3.3.2005-bcolbf2/lib/CRABClient/Commands/SubCommand.py", line 485, in loadLocalCache
    raise ex
CachefileNotFoundException: Cannot find .requestcache file in CRAB project directory /afs/cern.ch/work/r/ragomesd/B_parking/CMSSW_10_2_7/src/BanalysisMiniAOD-1/DanalysisBparkingMiniAOD/python/crab_projects/crab_Ds_MC_Run2018A_Official_Tracks
INFO 2020-05-28 17:04:37.602 UTC: 	 Log file is /afs/cern.ch/work/r/ragomesd/B_parking/CMSSW_10_2_7/src/BanalysisMiniAOD-1/DanalysisBparkingMiniAOD/python/crab.log
DEBUG 2020-05-28 17:06:06.927 UTC: 	 CRAB Client version: 3.3.2005
DEBUG 2020-05-28 17:06:06.927 UTC: 	 Running on: Linux lxplus602.cern.ch 2.6.32-754.28.1.el6.x86_64 #1 SMP Thu Mar 12 13:39:11 CET 2020 x86_64 x86_64 x86_64 GNU/Linux - Scientific Linux CERN SLC release 6.10 (Carbon)
DEBUG 2020-05-28 17:06:06.943 UTC: 	 OpenSSl version: OpenSSL 1.0.1e-fips 11 Feb 2013
DEBUG 2020-05-28 17:06:06.943 UTC: 	 Executing command: 'kill'
DEBUG 2020-05-28 17:06:06.944 UTC: 	 Found CRAB cache file /afs/cern.ch/user/r/ragomesd/.crab3
ERROR 2020-05-28 17:06:06.945 UTC: 	 Cannot find .requestcache file in CRAB project directory /afs/cern.ch/work/r/ragomesd/B_parking/CMSSW_10_2_7/src/BanalysisMiniAOD-1/DanalysisBparkingMiniAOD/python/crab_projects/crab_Ds_MC_Run2018A_Official_Tracks
ERROR 2020-05-28 17:06:06.945 UTC: 	 Caught ClientException exception
Traceback (most recent call last):
  File "/cvmfs/cms.cern.ch/share/cms/crab-prod/3.3.2005-bcolbf2/bin/crab", line 165, in <module>
    client()
  File "/cvmfs/cms.cern.ch/share/cms/crab-prod/3.3.2005-bcolbf2/bin/crab", line 150, in __call__
    self.cmd = sub_cmd(self.logger, args[1:])
  File "/cvmfs/cms.cern.ch/share/cms/crab-prod/3.3.2005-bcolbf2/lib/CRABClient/Commands/SubCommand.py", line 278, in __init__
    SubCommand.validateOptions(self)
  File "/cvmfs/cms.cern.ch/share/cms/crab-prod/3.3.2005-bcolbf2/lib/CRABClient/Commands/SubCommand.py", line 623, in validateOptions
    self.loadLocalCache()
  File "/cvmfs/cms.cern.ch/share/cms/crab-prod/3.3.2005-bcolbf2/lib/CRABClient/Commands/SubCommand.py", line 485, in loadLocalCache
    raise ex
CachefileNotFoundException: Cannot find .requestcache file in CRAB project directory /afs/cern.ch/work/r/ragomesd/B_parking/CMSSW_10_2_7/src/BanalysisMiniAOD-1/DanalysisBparkingMiniAOD/python/crab_projects/crab_Ds_MC_Run2018A_Official_Tracks
INFO 2020-05-28 17:06:06.947 UTC: 	 Log file is /afs/cern.ch/work/r/ragomesd/B_parking/CMSSW_10_2_7/src/BanalysisMiniAOD-1/DanalysisBparkingMiniAOD/python/crab.log
